<?xml version="1.0" encoding="UTF-8"?>
<testng-results ignored="0" total="3" passed="3" failed="0" skipped="0">
  <reporter-output>
  </reporter-output>
  <suite started-at="2025-08-20T13:51:32 IST" name="Alert Handling Suite" finished-at="2025-08-20T13:52:01 IST" duration-ms="29752">
    <groups>
    </groups>
    <test started-at="2025-08-20T13:51:32 IST" name="Browser Test" finished-at="2025-08-20T13:52:01 IST" duration-ms="29752">
      <class name="com.alerthandling.tests.AlertHandlingTests">
        <test-method is-config="true" signature="setup(java.lang.String)[pri:0, instance:com.alerthandling.tests.AlertHandlingTests@3d285d7e]" started-at="2025-08-20T13:51:32 IST" name="setup" finished-at="2025-08-20T13:51:46 IST" duration-ms="13887" status="PASS">
          <params>
            <param index="0">
              <value>
                <![CDATA[Chrome]]>
              </value>
            </param>
          </params>
          <reporter-output>
          </reporter-output>
        </test-method> <!-- setup -->
        <test-method signature="testEmptySignIn()[pri:1, instance:com.alerthandling.tests.AlertHandlingTests@3d285d7e]" started-at="2025-08-20T13:51:46 IST" name="testEmptySignIn" finished-at="2025-08-20T13:51:46 IST" duration-ms="266" status="PASS">
          <reporter-output>
          </reporter-output>
        </test-method> <!-- testEmptySignIn -->
        <test-method signature="testEmptyForgotPasswordFields()[pri:2, instance:com.alerthandling.tests.AlertHandlingTests@3d285d7e]" started-at="2025-08-20T13:51:51 IST" name="testEmptyForgotPasswordFields" finished-at="2025-08-20T13:51:54 IST" duration-ms="2896" status="PASS">
          <reporter-output>
          </reporter-output>
        </test-method> <!-- testEmptyForgotPasswordFields -->
        <test-method signature="testPrivacyPolicyTab()[pri:3, instance:com.alerthandling.tests.AlertHandlingTests@3d285d7e]" started-at="2025-08-20T13:51:54 IST" name="testPrivacyPolicyTab" finished-at="2025-08-20T13:51:56 IST" duration-ms="1707" status="PASS">
          <reporter-output>
          </reporter-output>
        </test-method> <!-- testPrivacyPolicyTab -->
        <test-method is-config="true" signature="tearDown()[pri:0, instance:com.alerthandling.tests.AlertHandlingTests@3d285d7e]" started-at="2025-08-20T13:51:56 IST" name="tearDown" finished-at="2025-08-20T13:52:01 IST" duration-ms="5269" status="PASS">
          <reporter-output>
          </reporter-output>
        </test-method> <!-- tearDown -->
      </class> <!-- com.alerthandling.tests.AlertHandlingTests -->
    </test> <!-- Browser Test -->
  </suite> <!-- Alert Handling Suite -->
</testng-results>
