<?xml version="1.0" encoding="UTF-8"?>
<!-- Generated by org.testng.reporters.JUnitXMLReporter -->
<testsuite ignored="0" hostname="LTIN654043" failures="0" tests="3" name="Browser Test" time="29.752" errors="0" timestamp="2025-08-20T13:52:02 IST">
  <testcase classname="com.alerthandling.tests.AlertHandlingTests" name="testEmptySignIn" time="0.266"/>
  <testcase classname="com.alerthandling.tests.AlertHandlingTests" name="testEmptyForgotPasswordFields" time="2.896"/>
  <testcase classname="com.alerthandling.tests.AlertHandlingTests" name="testPrivacyPolicyTab" time="1.707"/>
</testsuite> <!-- Browser Test -->
