<?xml version="1.0" encoding="UTF-8"?>
<!-- Generated by org.testng.reporters.JUnitXMLReporter -->
<testsuite ignored="0" hostname="LTIN654043" failures="0" tests="3" name="Chrome Test" time="20.678" errors="0" timestamp="2025-08-04T12:11:43 IST">
  <testcase classname="com.alerthandling.tests.AlertHandlingTests" name="testEmptySignIn" time="0.461"/>
  <testcase classname="com.alerthandling.tests.AlertHandlingTests" name="testEmptyForgotPasswordFields" time="2.074"/>
  <testcase classname="com.alerthandling.tests.AlertHandlingTests" name="testPrivacyPolicyTab" time="1.234"/>
</testsuite> <!-- Chrome Test -->
