<?xml version="1.0" encoding="UTF-8"?>
<!-- Generated by org.testng.reporters.JUnitXMLReporter -->
<testsuite ignored="0" hostname="LTIN654043" failures="0" tests="3" name="Edge Test" time="22.957" errors="0" timestamp="2025-08-04T13:26:14 IST">
  <testcase classname="com.alerthandling.tests.AlertHandlingTests" name="testEmptySignIn" time="0.438"/>
  <testcase classname="com.alerthandling.tests.AlertHandlingTests" name="testEmptyForgotPasswordFields" time="2.854"/>
  <testcase classname="com.alerthandling.tests.AlertHandlingTests" name="testPrivacyPolicyTab" time="1.339"/>
</testsuite> <!-- Edge Test -->
